{
  "RSpec": {
    "coverage": {
      "/Users/sherwinpanganiban/Desktop/Projects/Makers/week-2/oyster-card/spec/oyster_card_spec.rb": {
        "lines": [
          1,
          null,
          1,
          14,
          1,
          7,
          6,
          null,
          null,
          null,
          null,
          null,
          null,
          null,
          null,
          1,
          1,
          null,
          null,
          null,
          null,
          null,
          null,
          null,
          1,
          1,
          1,
          null,
          null,
          null,
          null,
          null,
          null,
          null,
          null,
          null,
          1,
          2,
          null,
          null,
          1,
          1,
          1,
          1,
          null,
          null,
          1,
          1,
          null,
          null,
          1,
          1,
          1,
          1,
          null,
          null,
          1,
          1,
          1,
          1,
          1,
          null,
          null,
          1,
          2,
          null,
          null,
          1,
          1,
          4,
          null,
          null,
          1,
          1,
          1,
          1,
          null,
          null,
          1,
          1,
          1,
          1,
          1,
          null,
          null,
          1,
          1,
          1,
          1,
          1,
          null,
          null,
          1,
          1,
          null,
          null
        ]
      },
      "/Users/sherwinpanganiban/Desktop/Projects/Makers/week-2/oyster-card/lib/oyster_card.rb": {
        "lines": [
          1,
          1,
          1,
          null,
          1,
          null,
          1,
          13,
          13,
          13,
          13,
          null,
          null,
          1,
          9,
          9,
          1,
          null,
          null,
          null,
          1,
          6,
          6,
          6,
          1,
          null,
          null,
          null,
          1,
          5,
          5,
          5,
          5,
          null,
          null,
          1,
          2,
          null,
          null,
          1,
          null,
          1,
          5,
          null,
          null,
          null
        ]
      }
    },
    "timestamp": 1637770097
  }
}
