{
  "RSpec": {
    "coverage": {
      "/Users/sherwinpanganiban/Desktop/Projects/Makers/week-2/oyster-card/spec/journey_log_spec.rb": {
        "lines": [
          1,
          1,
          1,
          1,
          null,
          1,
          2,
          2,
          null,
          1,
          1,
          1,
          null,
          null
        ]
      },
      "/Users/sherwinpanganiban/Desktop/Projects/Makers/week-2/oyster-card/lib/journey_log.rb": {
        "lines": [
          1,
          1,
          null,
          1,
          1,
          null,
          null,
          1,
          1,
          null,
          null
        ]
      },
      "/Users/sherwinpanganiban/Desktop/Projects/Makers/week-2/oyster-card/lib/station.rb": {
        "lines": [
          null,
          null,
          1,
          1,
          null,
          1,
          3,
          3,
          null,
          null
        ]
      },
      "/Users/sherwinpanganiban/Desktop/Projects/Makers/week-2/oyster-card/lib/oyster_card.rb": {
        "lines": [
          null,
          null,
          1,
          1,
          1,
          1,
          null,
          1,
          13,
          13,
          13,
          13,
          null,
          null,
          1,
          2,
          2,
          null,
          null,
          1,
          null,
          8,
          1,
          1,
          null,
          8,
          8,
          8,
          null,
          null,
          1,
          null,
          4,
          null,
          3,
          null,
          4,
          4,
          4,
          null,
          null,
          1,
          14,
          null,
          null,
          1,
          null,
          1,
          5,
          null,
          null
        ]
      },
      "/Users/sherwinpanganiban/Desktop/Projects/Makers/week-2/oyster-card/lib/journey.rb": {
        "lines": [
          null,
          null,
          1,
          1,
          1,
          null,
          1,
          null,
          1,
          26,
          26,
          26,
          null,
          null,
          1,
          8,
          null,
          null,
          1,
          6,
          6,
          null,
          null
        ]
      },
      "/Users/sherwinpanganiban/Desktop/Projects/Makers/week-2/oyster-card/spec/journey_spec.rb": {
        "lines": [
          null,
          null,
          1,
          1,
          1,
          null,
          1,
          6,
          1,
          2,
          1,
          null,
          1,
          1,
          null,
          null,
          1,
          1,
          1,
          null,
          null,
          1,
          1,
          null,
          null,
          1,
          1,
          null,
          null,
          1,
          1,
          null,
          null
        ]
      },
      "/Users/sherwinpanganiban/Desktop/Projects/Makers/week-2/oyster-card/spec/oyster_card_spec.rb": {
        "lines": [
          null,
          null,
          1,
          null,
          1,
          7,
          8,
          1,
          8,
          5,
          null,
          1,
          1,
          null,
          null,
          1,
          1,
          1,
          null,
          null,
          1,
          1,
          1,
          null,
          null,
          null,
          1,
          1,
          null,
          null,
          1,
          1,
          1,
          1,
          null,
          null,
          1,
          1,
          1,
          null,
          null,
          1,
          1,
          1,
          1,
          null,
          null,
          1,
          2,
          null,
          null,
          1,
          4,
          null,
          null,
          1,
          1,
          1,
          null,
          null,
          1,
          1,
          1,
          1,
          null,
          null,
          1,
          1,
          1,
          1,
          null,
          null,
          1,
          1,
          null,
          null
        ]
      },
      "/Users/sherwinpanganiban/Desktop/Projects/Makers/week-2/oyster-card/spec/station_spec.rb": {
        "lines": [
          null,
          null,
          1,
          null,
          1,
          3,
          null,
          1,
          1,
          null,
          null,
          1,
          1,
          null,
          null
        ]
      }
    },
    "timestamp": 1637858457
  }
}
